<?xml version="1.0" encoding="UTF-8"?>
<testsuite xmlns:xsi="http://www.w3.org/2001/XMLSchema-instance" xsi:noNamespaceSchemaLocation="https://maven.apache.org/surefire/maven-surefire-plugin/xsd/surefire-test-report.xsd" name="tests.Tests" time="3.238" tests="4" errors="0" skipped="0" failures="4">
  <properties>
[...]
</properties>
  <testcase name="exercise1" classname="tests.Tests" time="0.012">
    <failure type="java.lang.NullPointerException">java.lang.NullPointerException
	at tests.Tests.exercise1(Tests.java:14)
</failure>
    <system-err><![CDATA[Starting ChromeDriver 89.0.4389.23 (61b08ee2c50024bab004e48d2b1b083cdbdac579-refs/branch-heads/4389@{#294}) on port 4815
Only local connections are allowed.
Please see https://chromedriver.chromium.org/security-considerations for suggestions on keeping ChromeDriver safe.
ChromeDriver was started successfully.
Mar 05, 2021 1:47:27 AM org.openqa.selenium.remote.ProtocolHandshake createSession
INFO: Detected dialect: W3C
]]></system-err>
  </testcase>
  <testcase name="exercise2" classname="tests.Tests" time="0.001">
    <failure type="java.lang.NullPointerException">java.lang.NullPointerException
	at tests.Tests.exercise2(Tests.java:26)
</failure>
  </testcase>
  <testcase name="exercise3" classname="tests.Tests" time="0.001">
    <failure type="java.lang.NullPointerException">java.lang.NullPointerException
	at tests.Tests.exercise3(Tests.java:36)
</failure>
  </testcase>
  <testcase name="exercise4" classname="tests.Tests" time="0.002">
    <failure type="java.lang.NullPointerException">java.lang.NullPointerException
	at tests.Tests.exercise4(Tests.java:45)
</failure>
  </testcase>
</testsuite>